<?xml version="1.0" encoding="UTF-8"?>
<!-- Generated by org.testng.reporters.JUnitXMLReporter -->
<testsuite hostname="BULYAN" name="Default test" tests="41" failures="0" timestamp="18 Feb 2014 15:50:40 GMT" time="14.244" errors="0">
  <testcase name="test1condition" time="1.311" classname="com.mycompany.promocalculator.test.TestCalculation"/>
  <testcase name="test2condition" time="0.298" classname="com.mycompany.promocalculator.test.TestCalculation"/>
  <testcase name="test3condition" time="0.259" classname="com.mycompany.promocalculator.test.TestCalculation"/>
  <testcase name="test4condition" time="0.155" classname="com.mycompany.promocalculator.test.TestCalculation"/>
  <testcase name="test5condition" time="0.135" classname="com.mycompany.promocalculator.test.TestCalculation"/>
  <testcase name="test6condition" time="0.059" classname="com.mycompany.promocalculator.test.TestCalculation"/>
  <testcase name="test7condition" time="0.064" classname="com.mycompany.promocalculator.test.TestCalculation"/>
  <testcase name="addproductIncorrectQuantityTest" time="0.011" classname="com.mycompany.promocalculator.test.TestCommand"/>
  <testcase name="addproductNotExistingNameTest" time="0.005" classname="com.mycompany.promocalculator.test.TestCommand"/>
  <testcase name="addproductTest" time="0.01" classname="com.mycompany.promocalculator.test.TestCommand"/>
  <testcase name="changeDiscountStateFromFileTest" time="10.016" classname="com.mycompany.promocalculator.test.TestCommand"/>
  <testcase name="countTest" time="0.099" classname="com.mycompany.promocalculator.test.TestCommand"/>
  <testcase name="createInvoiceWithExistingNameTest" time="0.004" classname="com.mycompany.promocalculator.test.TestCommand"/>
  <testcase name="createinvoiceTest" time="0.071" classname="com.mycompany.promocalculator.test.TestCommand"/>
  <testcase name="deleteAllInvoiceAndAddProductToAutocreatedTest" time="0.022" classname="com.mycompany.promocalculator.test.TestCommand"/>
  <testcase name="deleteInvoiceTest" time="0.006" classname="com.mycompany.promocalculator.test.TestCommand"/>
  <testcase name="deleteNotExistingInvoiceTest" time="0.003" classname="com.mycompany.promocalculator.test.TestCommand"/>
  <testcase name="editInvoiceNotExistingNameTest" time="0.007" classname="com.mycompany.promocalculator.test.TestCommand"/>
  <testcase name="editinvoiceTest" time="0.004" classname="com.mycompany.promocalculator.test.TestCommand"/>
  <testcase name="finishTest" time="0.005" classname="com.mycompany.promocalculator.test.TestCommand"/>
  <testcase name="qTest" time="0.005" classname="com.mycompany.promocalculator.test.TestCommand"/>
  <testcase name="recountTest" time="0.07" classname="com.mycompany.promocalculator.test.TestCommand"/>
  <testcase name="removeproductNotExistingInPriceTest" time="0.006" classname="com.mycompany.promocalculator.test.TestCommand"/>
  <testcase name="removeproductNotExistingTest" time="0.005" classname="com.mycompany.promocalculator.test.TestCommand"/>
  <testcase name="removeproductTest" time="0.009" classname="com.mycompany.promocalculator.test.TestCommand"/>
  <testcase name="showCommandListTest" time="0.008" classname="com.mycompany.promocalculator.test.TestCommand"/>
  <testcase name="showNotExistingdiscountTest" time="0.005" classname="com.mycompany.promocalculator.test.TestCommand"/>
  <testcase name="showOneInvoiceTest" time="0.005" classname="com.mycompany.promocalculator.test.TestCommand"/>
  <testcase name="showPriceListTest" time="0.006" classname="com.mycompany.promocalculator.test.TestCommand"/>
  <testcase name="showdiscountTest" time="0.004" classname="com.mycompany.promocalculator.test.TestCommand"/>
  <testcase name="testTest" time="0.007" classname="com.mycompany.promocalculator.test.TestCommand"/>
  <testcase name="updateTest" time="0.045" classname="com.mycompany.promocalculator.test.TestCommand"/>
  <testcase name="updateTestBadFileNameInvoice" time="0.065" classname="com.mycompany.promocalculator.test.TestCommand"/>
  <testcase name="updateTestCorruptedinvoiceInvoice" time="0.058" classname="com.mycompany.promocalculator.test.TestCommand"/>
  <testcase name="testShopMain" time="0.007" classname="com.mycompany.promocalculator.test.TestMainStart"/>
  <testcase name="checkValidationAmount" time="0.037" classname="com.mycompany.promocalculator.test.TestValidation"/>
  <testcase name="checkValidationCommonCount" time="0.001" classname="com.mycompany.promocalculator.test.TestValidation"/>
  <testcase name="checkValidationGroupAmount" time="0.001" classname="com.mycompany.promocalculator.test.TestValidation"/>
  <testcase name="checkValidationGroupName" time="0.003" classname="com.mycompany.promocalculator.test.TestValidation"/>
  <testcase name="checkValidationProductAmount" time="0.001" classname="com.mycompany.promocalculator.test.TestValidation"/>
  <testcase name="checkValidationProductName" time="0.002" classname="com.mycompany.promocalculator.test.TestValidation"/>
</testsuite> <!-- Default test -->
