<?xml version="1.0" encoding="UTF-8" ?>
<testsuite failures="0" time="1.103" errors="0" skipped="0" tests="14" name="TestSuite">
  <properties>
[...]
</properties>
  <testcase time="0.085" classname="com.mycompany.promocalculator.test.TestCalculation" name="test1condition"/>
  <testcase time="0.039" classname="com.mycompany.promocalculator.test.TestCalculation" name="test2condition"/>
  <testcase time="0.032" classname="com.mycompany.promocalculator.test.TestCalculation" name="test3condition"/>
  <testcase time="0.054" classname="com.mycompany.promocalculator.test.TestCalculation" name="test4condition"/>
  <testcase time="0.035" classname="com.mycompany.promocalculator.test.TestCalculation" name="test5condition"/>
  <testcase time="0.019" classname="com.mycompany.promocalculator.test.TestCalculation" name="test6condition"/>
  <testcase time="0.022" classname="com.mycompany.promocalculator.test.TestCalculation" name="test7condition"/>
  <testcase time="0.178" classname="com.mycompany.promocalculator.test.TestCommand" name="commandsTest"/>
  <testcase time="0" classname="com.mycompany.promocalculator.test.TestValidations" name="checkValidationAmount"/>
  <testcase time="0" classname="com.mycompany.promocalculator.test.TestValidations" name="checkValidationCommonCount"/>
  <testcase time="0" classname="com.mycompany.promocalculator.test.TestValidations" name="checkValidationGroupAmount"/>
  <testcase time="0" classname="com.mycompany.promocalculator.test.TestValidations" name="checkValidationGroupName"/>
  <testcase time="0" classname="com.mycompany.promocalculator.test.TestValidations" name="checkValidationProductAmount"/>
  <testcase time="0.001" classname="com.mycompany.promocalculator.test.TestValidations" name="checkValidationProductName"/>
</testsuite>