<?xml version="1.0" encoding="UTF-8"?>
<testsuite hostname="BULYAN" name="com.mycompany.promocalculator.test.TestCalculation" tests="14" failures="0" timestamp="10 Feb 2014 10:38:54 GMT" time="0.526" errors="0">
  <testcase name="test1condition" time="0.086" classname="com.mycompany.promocalculator.test.TestCalculation"/>
  <testcase name="test2condition" time="0.039" classname="com.mycompany.promocalculator.test.TestCalculation"/>
  <testcase name="test3condition" time="0.032" classname="com.mycompany.promocalculator.test.TestCalculation"/>
  <testcase name="test4condition" time="0.054" classname="com.mycompany.promocalculator.test.TestCalculation"/>
  <testcase name="test5condition" time="0.036" classname="com.mycompany.promocalculator.test.TestCalculation"/>
  <testcase name="test6condition" time="0.019" classname="com.mycompany.promocalculator.test.TestCalculation"/>
  <testcase name="test7condition" time="0.023" classname="com.mycompany.promocalculator.test.TestCalculation"/>
  <testcase name="commandsTest" time="0.178" classname="com.mycompany.promocalculator.test.TestCommand"/>
  <testcase name="checkValidationAmount" time="0.0" classname="com.mycompany.promocalculator.test.TestValidations"/>
  <testcase name="checkValidationCommonCount" time="0.0" classname="com.mycompany.promocalculator.test.TestValidations"/>
  <testcase name="checkValidationGroupAmount" time="0.001" classname="com.mycompany.promocalculator.test.TestValidations"/>
  <testcase name="checkValidationGroupName" time="0.002" classname="com.mycompany.promocalculator.test.TestValidations"/>
  <testcase name="checkValidationProductAmount" time="0.001" classname="com.mycompany.promocalculator.test.TestValidations"/>
  <testcase name="checkValidationProductName" time="0.001" classname="com.mycompany.promocalculator.test.TestValidations"/>
</testsuite>
